<?xml version="1.0" encoding="UTF-8"?>
<!-- Generated by org.testng.reporters.JUnitReportReporter -->
<testsuite skipped="0" hostname="ndd-desk-dev094" name="conexao.serra.SonarTest" tests="1" failures="0" timestamp="09 mai 2018 18:26:14 GMT" time="0.008" errors="0">
  <testcase name="testar_alvarino" time="0.008" classname="conexao.serra.SonarTest"/>
</testsuite> <!-- conexao.serra.SonarTest -->
