<?xml version="1.0" encoding="UTF-8"?>
<!-- Generated by org.testng.reporters.JUnitReportReporter -->
<testsuite skipped="0" hostname="DESKTOP-QRKD4E6" name="conexao.serra.testng.CalculaFreteTest" tests="4" failures="0" timestamp="11 mai 2018 22:50:20 GMT" time="0.043" errors="0">
  <testcase name="calcular_valor_da_taxa_do_frete_para_cep_fora_da_cobertura" time="0.008" classname="conexao.serra.testng.CalculaFreteTest"/>
  <testcase name="calcular_valor_da_taxa_do_frete_para_cep_de_RS" time="0.015" classname="conexao.serra.testng.CalculaFreteTest"/>
  <testcase name="calcular_valor_da_taxa_do_frete_para_cep_de_SC" time="0.004" classname="conexao.serra.testng.CalculaFreteTest"/>
  <testcase name="calcular_valor_da_taxa_do_frete_para_cep_menor_fora_da_cobertura" time="0.016" classname="conexao.serra.testng.CalculaFreteTest"/>
</testsuite> <!-- conexao.serra.testng.CalculaFreteTest -->
